{"poolSummaries":[{"poolName":"allDevices\u003dsw0-up","testResults":[{"device":{"serial":"emulator-5556","manufacturer":"Google","model":"Android SDK built for x86","apiLevel":"28","isTablet":false,"geometry":{"small":411,"large":0,"density":1.0},"diagnostics":"VIDEO"},"timeTaken":4.929,"testClass":"com.freenow.android_demo.tests.LoginTest","testMethod":"login3","testMetrics":{},"isIgnored":false},{"device":{"serial":"emulator-5556","manufacturer":"Google","model":"Android SDK built for x86","apiLevel":"28","isTablet":false,"geometry":{"small":411,"large":0,"density":1.0},"diagnostics":"VIDEO"},"timeTaken":2.64,"testClass":"com.freenow.android_demo.tests.LoginTest","testMethod":"loginFlaky0","failureTrace":"java.lang.AssertionError: expected:\u003c1\u003e but was:\u003c0\u003e\nat org.junit.Assert.fail(Assert.java:88)\nat org.junit.Assert.failNotEquals(Assert.java:834)\nat org.junit.Assert.assertEquals(Assert.java:118)\nat org.junit.Assert.assertEquals(Assert.java:144)\nat com.freenow.android_demo.tests.LoginTest.loginFlaky0(LoginTest.kt:54)\nat java.lang.reflect.Method.invoke(Native Method)\nat org.junit.runners.model.FrameworkMethod$1.runReflectiveCall(FrameworkMethod.java:50)\nat org.junit.internal.runners.model.ReflectiveCallable.run(ReflectiveCallable.java:12)\nat org.junit.runners.model.FrameworkMethod.invokeExplosively(FrameworkMethod.java:47)\nat org.junit.internal.runners.statements.InvokeMethod.evaluate(InvokeMethod.java:17)\nat android.support.test.internal.runner.junit4.statement.RunBefores.evaluate(RunBefores.java:80)\nat android.support.test.internal.runner.junit4.statement.RunAfters.evaluate(RunAfters.java:61)\nat android.support.test.rule.ActivityTestRule$ActivityStatement.evaluate(ActivityTestRule.java:527)\nat com.freenow.android_demo.utils.ClearPreferencesRule$apply$1.evaluate(ClearPreferencesRule.kt:41)\nat android.support.test.rule.GrantPermissionRule$RequestPermissionStatement.evaluate(GrantPermissionRule.java:129)\nat org.junit.rules.RunRules.evaluate(RunRules.java:20)\nat org.junit.runners.ParentRunner.runLeaf(ParentRunner.java:325)\nat org.junit.runners.BlockJUnit4ClassRunner.runChild(BlockJUnit4ClassRunner.java:78)\nat org.junit.runners.BlockJUnit4ClassRunner.runChild(BlockJUnit4ClassRunner.java:57)\nat org.junit.runners.ParentRunner$3.run(ParentRunner.java:290)\nat org.junit.runners.ParentRunner$1.schedule(ParentRunner.java:71)\nat org.junit.runners.ParentRunner.runChildren(ParentRunner.java:288)\nat org.junit.runners.ParentRunner.access$000(ParentRunner.java:58)\nat org.junit.runners.ParentRunner$2.evaluate(ParentRunner.java:268)\nat org.junit.runners.ParentRunner.run(ParentRunner.java:363)\nat android.support.test.runner.AndroidJUnit4.run(AndroidJUnit4.java:101)\nat org.junit.runners.Suite.runChild(Suite.java:128)\nat org.junit.runners.Suite.runChild(Suite.java:27)\nat org.junit.runners.ParentRunner$3.run(ParentRunner.java:290)\nat org.junit.runners.ParentRunner$1.schedule(ParentRunner.java:71)\nat org.junit.runners.ParentRunner.runChildren(ParentRunner.java:288)\nat org.junit.runners.ParentRunner.access$000(ParentRunner.java:58)\nat org.junit.runners.ParentRunner$2.evaluate(ParentRunner.java:268)\nat org.junit.runners.ParentRunner.run(ParentRunner.java:363)\nat org.junit.runner.JUnitCore.run(JUnitCore.java:137)\nat org.junit.runner.JUnitCore.run(JUnitCore.java:115)\nat android.support.test.internal.runner.TestExecutor.execute(TestExecutor.java:56)\nat android.support.test.runner.AndroidJUnitRunner.onStart(AndroidJUnitRunner.java:384)\nat android.app.Instrumentation$InstrumentationThread.run(Instrumentation.java:2145)\n","testMetrics":{},"isIgnored":false},{"device":{"serial":"emulator-5556","manufacturer":"Google","model":"Android SDK built for x86","apiLevel":"28","isTablet":false,"geometry":{"small":411,"large":0,"density":1.0},"diagnostics":"VIDEO"},"timeTaken":5.4,"testClass":"com.freenow.android_demo.tests.LoginTest","testMethod":"loginFlaky2","testMetrics":{},"isIgnored":false},{"device":{"serial":"emulator-5556","manufacturer":"Google","model":"Android SDK built for x86","apiLevel":"28","isTablet":false,"geometry":{"small":411,"large":0,"density":1.0},"diagnostics":"VIDEO"},"timeTaken":4.111,"testClass":"com.freenow.android_demo.tests.LoginTest","testMethod":"login1","testMetrics":{},"isIgnored":false},{"device":{"serial":"emulator-5556","manufacturer":"Google","model":"Android SDK built for x86","apiLevel":"28","isTablet":false,"geometry":{"small":411,"large":0,"density":1.0},"diagnostics":"VIDEO"},"timeTaken":3.79,"testClass":"com.freenow.android_demo.tests.LoginTest","testMethod":"login0","testMetrics":{},"isIgnored":false},{"device":{"serial":"emulator-5554","manufacturer":"Google","model":"Android SDK built for x86","apiLevel":"26","isTablet":false,"geometry":{"small":411,"large":0,"density":1.0},"diagnostics":"VIDEO"},"timeTaken":1.935,"testClass":"com.freenow.android_demo.tests.LoginTest","testMethod":"loginFailing0","failureTrace":"java.lang.AssertionError: expected:\u003c1\u003e but was:\u003c2\u003e\nat org.junit.Assert.fail(Assert.java:88)\nat org.junit.Assert.failNotEquals(Assert.java:834)\nat org.junit.Assert.assertEquals(Assert.java:645)\nat org.junit.Assert.assertEquals(Assert.java:631)\nat com.freenow.android_demo.tests.LoginTest.loginFailing0(LoginTest.kt:78)\nat java.lang.reflect.Method.invoke(Native Method)\nat org.junit.runners.model.FrameworkMethod$1.runReflectiveCall(FrameworkMethod.java:50)\nat org.junit.internal.runners.model.ReflectiveCallable.run(ReflectiveCallable.java:12)\nat org.junit.runners.model.FrameworkMethod.invokeExplosively(FrameworkMethod.java:47)\nat org.junit.internal.runners.statements.InvokeMethod.evaluate(InvokeMethod.java:17)\nat android.support.test.internal.runner.junit4.statement.RunBefores.evaluate(RunBefores.java:80)\nat android.support.test.internal.runner.junit4.statement.RunAfters.evaluate(RunAfters.java:61)\nat android.support.test.rule.ActivityTestRule$ActivityStatement.evaluate(ActivityTestRule.java:527)\nat com.freenow.android_demo.utils.ClearPreferencesRule$apply$1.evaluate(ClearPreferencesRule.kt:41)\nat android.support.test.rule.GrantPermissionRule$RequestPermissionStatement.evaluate(GrantPermissionRule.java:129)\nat org.junit.rules.RunRules.evaluate(RunRules.java:20)\nat org.junit.runners.ParentRunner.runLeaf(ParentRunner.java:325)\nat org.junit.runners.BlockJUnit4ClassRunner.runChild(BlockJUnit4ClassRunner.java:78)\nat org.junit.runners.BlockJUnit4ClassRunner.runChild(BlockJUnit4ClassRunner.java:57)\nat org.junit.runners.ParentRunner$3.run(ParentRunner.java:290)\nat org.junit.runners.ParentRunner$1.schedule(ParentRunner.java:71)\nat org.junit.runners.ParentRunner.runChildren(ParentRunner.java:288)\nat org.junit.runners.ParentRunner.access$000(ParentRunner.java:58)\nat org.junit.runners.ParentRunner$2.evaluate(ParentRunner.java:268)\nat org.junit.runners.ParentRunner.run(ParentRunner.java:363)\nat android.support.test.runner.AndroidJUnit4.run(AndroidJUnit4.java:101)\nat org.junit.runners.Suite.runChild(Suite.java:128)\nat org.junit.runners.Suite.runChild(Suite.java:27)\nat org.junit.runners.ParentRunner$3.run(ParentRunner.java:290)\nat org.junit.runners.ParentRunner$1.schedule(ParentRunner.java:71)\nat org.junit.runners.ParentRunner.runChildren(ParentRunner.java:288)\nat org.junit.runners.ParentRunner.access$000(ParentRunner.java:58)\nat org.junit.runners.ParentRunner$2.evaluate(ParentRunner.java:268)\nat org.junit.runners.ParentRunner.run(ParentRunner.java:363)\nat org.junit.runner.JUnitCore.run(JUnitCore.java:137)\nat org.junit.runner.JUnitCore.run(JUnitCore.java:115)\nat android.support.test.internal.runner.TestExecutor.execute(TestExecutor.java:56)\nat android.support.test.runner.AndroidJUnitRunner.onStart(AndroidJUnitRunner.java:384)\nat android.app.Instrumentation$InstrumentationThread.run(Instrumentation.java:2074)\n","testMetrics":{},"isIgnored":false},{"device":{"serial":"emulator-5554","manufacturer":"Google","model":"Android SDK built for x86","apiLevel":"26","isTablet":false,"geometry":{"small":411,"large":0,"density":1.0},"diagnostics":"VIDEO"},"timeTaken":4.742,"testClass":"com.freenow.android_demo.tests.LoginTest","testMethod":"login2","testMetrics":{},"isIgnored":false},{"device":{"serial":"emulator-5554","manufacturer":"Google","model":"Android SDK built for x86","apiLevel":"26","isTablet":false,"geometry":{"small":411,"large":0,"density":1.0},"diagnostics":"VIDEO"},"timeTaken":4.547,"testClass":"com.freenow.android_demo.tests.LoginTest","testMethod":"loginFlaky1","failureTrace":"java.lang.AssertionError: expected:\u003c1\u003e but was:\u003c0\u003e\nat org.junit.Assert.fail(Assert.java:88)\nat org.junit.Assert.failNotEquals(Assert.java:834)\nat org.junit.Assert.assertEquals(Assert.java:118)\nat org.junit.Assert.assertEquals(Assert.java:144)\nat com.freenow.android_demo.tests.LoginTest.loginFlaky1(LoginTest.kt:60)\nat java.lang.reflect.Method.invoke(Native Method)\nat org.junit.runners.model.FrameworkMethod$1.runReflectiveCall(FrameworkMethod.java:50)\nat org.junit.internal.runners.model.ReflectiveCallable.run(ReflectiveCallable.java:12)\nat org.junit.runners.model.FrameworkMethod.invokeExplosively(FrameworkMethod.java:47)\nat org.junit.internal.runners.statements.InvokeMethod.evaluate(InvokeMethod.java:17)\nat android.support.test.internal.runner.junit4.statement.RunBefores.evaluate(RunBefores.java:80)\nat android.support.test.internal.runner.junit4.statement.RunAfters.evaluate(RunAfters.java:61)\nat android.support.test.rule.ActivityTestRule$ActivityStatement.evaluate(ActivityTestRule.java:527)\nat com.freenow.android_demo.utils.ClearPreferencesRule$apply$1.evaluate(ClearPreferencesRule.kt:41)\nat android.support.test.rule.GrantPermissionRule$RequestPermissionStatement.evaluate(GrantPermissionRule.java:129)\nat org.junit.rules.RunRules.evaluate(RunRules.java:20)\nat org.junit.runners.ParentRunner.runLeaf(ParentRunner.java:325)\nat org.junit.runners.BlockJUnit4ClassRunner.runChild(BlockJUnit4ClassRunner.java:78)\nat org.junit.runners.BlockJUnit4ClassRunner.runChild(BlockJUnit4ClassRunner.java:57)\nat org.junit.runners.ParentRunner$3.run(ParentRunner.java:290)\nat org.junit.runners.ParentRunner$1.schedule(ParentRunner.java:71)\nat org.junit.runners.ParentRunner.runChildren(ParentRunner.java:288)\nat org.junit.runners.ParentRunner.access$000(ParentRunner.java:58)\nat org.junit.runners.ParentRunner$2.evaluate(ParentRunner.java:268)\nat org.junit.runners.ParentRunner.run(ParentRunner.java:363)\nat android.support.test.runner.AndroidJUnit4.run(AndroidJUnit4.java:101)\nat org.junit.runners.Suite.runChild(Suite.java:128)\nat org.junit.runners.Suite.runChild(Suite.java:27)\nat org.junit.runners.ParentRunner$3.run(ParentRunner.java:290)\nat org.junit.runners.ParentRunner$1.schedule(ParentRunner.java:71)\nat org.junit.runners.ParentRunner.runChildren(ParentRunner.java:288)\nat org.junit.runners.ParentRunner.access$000(ParentRunner.java:58)\nat org.junit.runners.ParentRunner$2.evaluate(ParentRunner.java:268)\nat org.junit.runners.ParentRunner.run(ParentRunner.java:363)\nat org.junit.runner.JUnitCore.run(JUnitCore.java:137)\nat org.junit.runner.JUnitCore.run(JUnitCore.java:115)\nat android.support.test.internal.runner.TestExecutor.execute(TestExecutor.java:56)\nat android.support.test.runner.AndroidJUnitRunner.onStart(AndroidJUnitRunner.java:384)\nat android.app.Instrumentation$InstrumentationThread.run(Instrumentation.java:2074)\n","testMetrics":{},"isIgnored":false},{"device":{"serial":"emulator-5554","manufacturer":"Google","model":"Android SDK built for x86","apiLevel":"26","isTablet":false,"geometry":{"small":411,"large":0,"density":1.0},"diagnostics":"VIDEO"},"timeTaken":3.979,"testClass":"com.freenow.android_demo.tests.LoginTest","testMethod":"loginFlaky3","failureTrace":"java.lang.AssertionError: expected:\u003c1\u003e but was:\u003c0\u003e\nat org.junit.Assert.fail(Assert.java:88)\nat org.junit.Assert.failNotEquals(Assert.java:834)\nat org.junit.Assert.assertEquals(Assert.java:118)\nat org.junit.Assert.assertEquals(Assert.java:144)\nat com.freenow.android_demo.tests.LoginTest.loginFlaky3(LoginTest.kt:72)\nat java.lang.reflect.Method.invoke(Native Method)\nat org.junit.runners.model.FrameworkMethod$1.runReflectiveCall(FrameworkMethod.java:50)\nat org.junit.internal.runners.model.ReflectiveCallable.run(ReflectiveCallable.java:12)\nat org.junit.runners.model.FrameworkMethod.invokeExplosively(FrameworkMethod.java:47)\nat org.junit.internal.runners.statements.InvokeMethod.evaluate(InvokeMethod.java:17)\nat android.support.test.internal.runner.junit4.statement.RunBefores.evaluate(RunBefores.java:80)\nat android.support.test.internal.runner.junit4.statement.RunAfters.evaluate(RunAfters.java:61)\nat android.support.test.rule.ActivityTestRule$ActivityStatement.evaluate(ActivityTestRule.java:527)\nat com.freenow.android_demo.utils.ClearPreferencesRule$apply$1.evaluate(ClearPreferencesRule.kt:41)\nat android.support.test.rule.GrantPermissionRule$RequestPermissionStatement.evaluate(GrantPermissionRule.java:129)\nat org.junit.rules.RunRules.evaluate(RunRules.java:20)\nat org.junit.runners.ParentRunner.runLeaf(ParentRunner.java:325)\nat org.junit.runners.BlockJUnit4ClassRunner.runChild(BlockJUnit4ClassRunner.java:78)\nat org.junit.runners.BlockJUnit4ClassRunner.runChild(BlockJUnit4ClassRunner.java:57)\nat org.junit.runners.ParentRunner$3.run(ParentRunner.java:290)\nat org.junit.runners.ParentRunner$1.schedule(ParentRunner.java:71)\nat org.junit.runners.ParentRunner.runChildren(ParentRunner.java:288)\nat org.junit.runners.ParentRunner.access$000(ParentRunner.java:58)\nat org.junit.runners.ParentRunner$2.evaluate(ParentRunner.java:268)\nat org.junit.runners.ParentRunner.run(ParentRunner.java:363)\nat android.support.test.runner.AndroidJUnit4.run(AndroidJUnit4.java:101)\nat org.junit.runners.Suite.runChild(Suite.java:128)\nat org.junit.runners.Suite.runChild(Suite.java:27)\nat org.junit.runners.ParentRunner$3.run(ParentRunner.java:290)\nat org.junit.runners.ParentRunner$1.schedule(ParentRunner.java:71)\nat org.junit.runners.ParentRunner.runChildren(ParentRunner.java:288)\nat org.junit.runners.ParentRunner.access$000(ParentRunner.java:58)\nat org.junit.runners.ParentRunner$2.evaluate(ParentRunner.java:268)\nat org.junit.runners.ParentRunner.run(ParentRunner.java:363)\nat org.junit.runner.JUnitCore.run(JUnitCore.java:137)\nat org.junit.runner.JUnitCore.run(JUnitCore.java:115)\nat android.support.test.internal.runner.TestExecutor.execute(TestExecutor.java:56)\nat android.support.test.runner.AndroidJUnitRunner.onStart(AndroidJUnitRunner.java:384)\nat android.app.Instrumentation$InstrumentationThread.run(Instrumentation.java:2074)\n","testMetrics":{},"isIgnored":false},{"device":{"serial":"emulator-5554","manufacturer":"Google","model":"Android SDK built for x86","apiLevel":"26","isTablet":false,"geometry":{"small":411,"large":0,"density":1.0},"diagnostics":"VIDEO"},"timeTaken":2.916,"testClass":"com.freenow.android_demo.tests.LoginTest","testMethod":"loginFailing1","failureTrace":"java.lang.AssertionError: expected:\u003c1\u003e but was:\u003c2\u003e\nat org.junit.Assert.fail(Assert.java:88)\nat org.junit.Assert.failNotEquals(Assert.java:834)\nat org.junit.Assert.assertEquals(Assert.java:645)\nat org.junit.Assert.assertEquals(Assert.java:631)\nat com.freenow.android_demo.tests.LoginTest.loginFailing1(LoginTest.kt:84)\nat java.lang.reflect.Method.invoke(Native Method)\nat org.junit.runners.model.FrameworkMethod$1.runReflectiveCall(FrameworkMethod.java:50)\nat org.junit.internal.runners.model.ReflectiveCallable.run(ReflectiveCallable.java:12)\nat org.junit.runners.model.FrameworkMethod.invokeExplosively(FrameworkMethod.java:47)\nat org.junit.internal.runners.statements.InvokeMethod.evaluate(InvokeMethod.java:17)\nat android.support.test.internal.runner.junit4.statement.RunBefores.evaluate(RunBefores.java:80)\nat android.support.test.internal.runner.junit4.statement.RunAfters.evaluate(RunAfters.java:61)\nat android.support.test.rule.ActivityTestRule$ActivityStatement.evaluate(ActivityTestRule.java:527)\nat com.freenow.android_demo.utils.ClearPreferencesRule$apply$1.evaluate(ClearPreferencesRule.kt:41)\nat android.support.test.rule.GrantPermissionRule$RequestPermissionStatement.evaluate(GrantPermissionRule.java:129)\nat org.junit.rules.RunRules.evaluate(RunRules.java:20)\nat org.junit.runners.ParentRunner.runLeaf(ParentRunner.java:325)\nat org.junit.runners.BlockJUnit4ClassRunner.runChild(BlockJUnit4ClassRunner.java:78)\nat org.junit.runners.BlockJUnit4ClassRunner.runChild(BlockJUnit4ClassRunner.java:57)\nat org.junit.runners.ParentRunner$3.run(ParentRunner.java:290)\nat org.junit.runners.ParentRunner$1.schedule(ParentRunner.java:71)\nat org.junit.runners.ParentRunner.runChildren(ParentRunner.java:288)\nat org.junit.runners.ParentRunner.access$000(ParentRunner.java:58)\nat org.junit.runners.ParentRunner$2.evaluate(ParentRunner.java:268)\nat org.junit.runners.ParentRunner.run(ParentRunner.java:363)\nat android.support.test.runner.AndroidJUnit4.run(AndroidJUnit4.java:101)\nat org.junit.runners.Suite.runChild(Suite.java:128)\nat org.junit.runners.Suite.runChild(Suite.java:27)\nat org.junit.runners.ParentRunner$3.run(ParentRunner.java:290)\nat org.junit.runners.ParentRunner$1.schedule(ParentRunner.java:71)\nat org.junit.runners.ParentRunner.runChildren(ParentRunner.java:288)\nat org.junit.runners.ParentRunner.access$000(ParentRunner.java:58)\nat org.junit.runners.ParentRunner$2.evaluate(ParentRunner.java:268)\nat org.junit.runners.ParentRunner.run(ParentRunner.java:363)\nat org.junit.runner.JUnitCore.run(JUnitCore.java:137)\nat org.junit.runner.JUnitCore.run(JUnitCore.java:115)\nat android.support.test.internal.runner.TestExecutor.execute(TestExecutor.java:56)\nat android.support.test.runner.AndroidJUnitRunner.onStart(AndroidJUnitRunner.java:384)\nat android.app.Instrumentation$InstrumentationThread.run(Instrumentation.java:2074)\n","testMetrics":{},"isIgnored":false}]}],"title":"Fork tests","subtitle":"","ignoredTests":[],"failedTests":["com.freenow.android_demo.tests.LoginTest#loginFlaky0 on emulator-5556","com.freenow.android_demo.tests.LoginTest#loginFailing0 on emulator-5554","com.freenow.android_demo.tests.LoginTest#loginFlaky1 on emulator-5554","com.freenow.android_demo.tests.LoginTest#loginFlaky3 on emulator-5554","com.freenow.android_demo.tests.LoginTest#loginFailing1 on emulator-5554"],"fatalCrashedTests":[]}